# JRE version: OpenJDK Runtime Environment Temurin-21.0.8+9 (21.0.8+9) (build 21.0.8+9-LTS)
# Java VM: OpenJDK 64-Bit Server VM Temurin-21.0.8+9 (21.0.8+9-LTS, mixed mode, sharing, tiered, compressed oops, compressed class ptrs, parallel gc, windows-amd64)
GC Precious Log:
 CardTable entry size: 512
 CPUs: 12 total, 12 available
 Memory: 14188M
 Large Page Support: Disabled
 NUMA Support: Disabled
 Compressed Oops: Enabled (32-bit)
 Alignments: Space 512K, Generation 512K, Heap 2M
 Heap Min Capacity: 100M
 Heap Initial Capacity: 100M
 Heap Max Capacity: 2G
 Pre-touch: Disabled
 Parallel Workers: 10
Heap:
 PSYoungGen      total 15360K, used 6740K [0x00000000d5580000, 0x00000000d6600000, 0x0000000100000000)
  eden space 14848K, 45% used [0x00000000d5580000,0x00000000d5c15010,0x00000000d6400000)
  from space 512K, 0% used [0x00000000d6580000,0x00000000d6580000,0x00000000d6600000)
  to   space 1024K, 0% used [0x00000000d6400000,0x00000000d6400000,0x00000000d6500000)
 ParOldGen       total 68608K, used 49150K [0x0000000080000000, 0x0000000084300000, 0x00000000d5580000)
  object space 68608K, 71% used [0x0000000080000000,0x0000000082fffb78,0x0000000084300000)
 Metaspace       used 58627K, committed 60096K, reserved 1114112K
  class space    used 6874K, committed 7552K, reserved 1048576K
GC Heap History (20 events):
Event: 33.967 GC heap before
{Heap before GC invocations=34 (full 2):
 PSYoungGen      total 17920K, used 16864K [0x00000000d5580000, 0x00000000d6980000, 0x0000000100000000)
  eden space 15360K, 100% used [0x00000000d5580000,0x00000000d6480000,0x00000000d6480000)
  from space 2560K, 58% used [0x00000000d6480000,0x00000000d65f8010,0x00000000d6700000)
  to   space 2048K, 0% used [0x00000000d6780000,0x00000000d6780000,0x00000000d6980000)
 ParOldGen       total 68608K, used 43462K [0x0000000080000000, 0x0000000084300000, 0x00000000d5580000)
  object space 68608K, 63% used [0x0000000080000000,0x0000000082a71870,0x0000000084300000)
 Metaspace       used 57096K, committed 58432K, reserved 1114112K
  class space    used 6767K, committed 7296K, reserved 1048576K
}
Event: 33.970 GC heap after
{Heap after GC invocations=34 (full 2):
 PSYoungGen      total 17408K, used 1826K [0x00000000d5580000, 0x00000000d6980000, 0x0000000100000000)
  eden space 15360K, 0% used [0x00000000d5580000,0x00000000d5580000,0x00000000d6480000)
  from space 2048K, 89% used [0x00000000d6780000,0x00000000d6948810,0x00000000d6980000)
  to   space 2048K, 0% used [0x00000000d6580000,0x00000000d6580000,0x00000000d6780000)
 ParOldGen       total 68608K, used 44846K [0x0000000080000000, 0x0000000084300000, 0x00000000d5580000)
  object space 68608K, 65% used [0x0000000080000000,0x0000000082bcb880,0x0000000084300000)
 Metaspace       used 57096K, committed 58432K, reserved 1114112K
  class space    used 6767K, committed 7296K, reserved 1048576K
}
Event: 34.001 GC heap before
{Heap before GC invocations=35 (full 2):
 PSYoungGen      total 17408K, used 17186K [0x00000000d5580000, 0x00000000d6980000, 0x0000000100000000)
  eden space 15360K, 100% used [0x00000000d5580000,0x00000000d6480000,0x00000000d6480000)
  from space 2048K, 89% used [0x00000000d6780000,0x00000000d6948810,0x00000000d6980000)
  to   space 2048K, 0% used [0x00000000d6580000,0x00000000d6580000,0x00000000d6780000)
 ParOldGen       total 68608K, used 44846K [0x0000000080000000, 0x0000000084300000, 0x00000000d5580000)
  object space 68608K, 65% used [0x0000000080000000,0x0000000082bcb880,0x0000000084300000)
 Metaspace       used 57096K, committed 58432K, reserved 1114112K
  class space    used 6767K, committed 7296K, reserved 1048576K
}
Event: 34.005 GC heap after
{Heap after GC invocations=35 (full 2):
 PSYoungGen      total 17408K, used 1568K [0x00000000d5580000, 0x00000000d6880000, 0x0000000100000000)
  eden space 15360K, 0% used [0x00000000d5580000,0x00000000d5580000,0x00000000d6480000)
  from space 2048K, 76% used [0x00000000d6580000,0x00000000d6708010,0x00000000d6780000)
  to   space 1024K, 0% used [0x00000000d6780000,0x00000000d6780000,0x00000000d6880000)
 ParOldGen       total 68608K, used 46516K [0x0000000080000000, 0x0000000084300000, 0x00000000d5580000)
  object space 68608K, 67% used [0x0000000080000000,0x0000000082d6d1b8,0x0000000084300000)
 Metaspace       used 57096K, committed 58432K, reserved 1114112K
  class space    used 6767K, committed 7296K, reserved 1048576K
}
Event: 34.074 GC heap before
{Heap before GC invocations=36 (full 2):
 PSYoungGen      total 17408K, used 16928K [0x00000000d5580000, 0x00000000d6880000, 0x0000000100000000)
  eden space 15360K, 100% used [0x00000000d5580000,0x00000000d6480000,0x00000000d6480000)
  from space 2048K, 76% used [0x00000000d6580000,0x00000000d6708010,0x00000000d6780000)
  to   space 1024K, 0% used [0x00000000d6780000,0x00000000d6780000,0x00000000d6880000)
 ParOldGen       total 68608K, used 46516K [0x0000000080000000, 0x0000000084300000, 0x00000000d5580000)
  object space 68608K, 67% used [0x0000000080000000,0x0000000082d6d1b8,0x0000000084300000)
 Metaspace       used 57113K, committed 58432K, reserved 1114112K
  class space    used 6767K, committed 7296K, reserved 1048576K
}
Event: 34.077 GC heap after
{Heap after GC invocations=36 (full 2):
 PSYoungGen      total 15872K, used 1024K [0x00000000d5580000, 0x00000000d6b80000, 0x0000000100000000)
  eden space 14848K, 0% used [0x00000000d5580000,0x00000000d5580000,0x00000000d6400000)
  from space 1024K, 100% used [0x00000000d6780000,0x00000000d6880000,0x00000000d6880000)
  to   space 3584K, 0% used [0x00000000d6400000,0x00000000d6400000,0x00000000d6780000)
 ParOldGen       total 68608K, used 48394K [0x0000000080000000, 0x0000000084300000, 0x00000000d5580000)
  object space 68608K, 70% used [0x0000000080000000,0x0000000082f42a48,0x0000000084300000)
 Metaspace       used 57113K, committed 58432K, reserved 1114112K
  class space    used 6767K, committed 7296K, reserved 1048576K
}
Event: 34.138 GC heap before
{Heap before GC invocations=37 (full 2):
 PSYoungGen      total 15872K, used 15872K [0x00000000d5580000, 0x00000000d6b80000, 0x0000000100000000)
  eden space 14848K, 100% used [0x00000000d5580000,0x00000000d6400000,0x00000000d6400000)
  from space 1024K, 100% used [0x00000000d6780000,0x00000000d6880000,0x00000000d6880000)
  to   space 3584K, 0% used [0x00000000d6400000,0x00000000d6400000,0x00000000d6780000)
 ParOldGen       total 68608K, used 48394K [0x0000000080000000, 0x0000000084300000, 0x00000000d5580000)
  object space 68608K, 70% used [0x0000000080000000,0x0000000082f42a48,0x0000000084300000)
 Metaspace       used 57121K, committed 58496K, reserved 1114112K
  class space    used 6767K, committed 7296K, reserved 1048576K
}
Event: 34.141 GC heap after
{Heap after GC invocations=37 (full 2):
 PSYoungGen      total 16896K, used 1604K [0x00000000d5580000, 0x00000000d6900000, 0x0000000100000000)
  eden space 14848K, 0% used [0x00000000d5580000,0x00000000d5580000,0x00000000d6400000)
  from space 2048K, 78% used [0x00000000d6400000,0x00000000d6591000,0x00000000d6600000)
  to   space 2560K, 0% used [0x00000000d6680000,0x00000000d6680000,0x00000000d6900000)
 ParOldGen       total 68608K, used 49400K [0x0000000080000000, 0x0000000084300000, 0x00000000d5580000)
  object space 68608K, 72% used [0x0000000080000000,0x000000008303e3f8,0x0000000084300000)
 Metaspace       used 57121K, committed 58496K, reserved 1114112K
  class space    used 6767K, committed 7296K, reserved 1048576K
}
Event: 34.189 GC heap before
{Heap before GC invocations=38 (full 2):
 PSYoungGen      total 16896K, used 16452K [0x00000000d5580000, 0x00000000d6900000, 0x0000000100000000)
  eden space 14848K, 100% used [0x00000000d5580000,0x00000000d6400000,0x00000000d6400000)
  from space 2048K, 78% used [0x00000000d6400000,0x00000000d6591000,0x00000000d6600000)
  to   space 2560K, 0% used [0x00000000d6680000,0x00000000d6680000,0x00000000d6900000)
 ParOldGen       total 68608K, used 49400K [0x0000000080000000, 0x0000000084300000, 0x00000000d5580000)
  object space 68608K, 72% used [0x0000000080000000,0x000000008303e3f8,0x0000000084300000)
 Metaspace       used 57142K, committed 58560K, reserved 1114112K
  class space    used 6769K, committed 7360K, reserved 1048576K
}
Event: 34.191 GC heap after
{Heap after GC invocations=38 (full 2):
 PSYoungGen      total 16384K, used 1504K [0x00000000d5580000, 0x00000000d6800000, 0x0000000100000000)
  eden space 14848K, 0% used [0x00000000d5580000,0x00000000d5580000,0x00000000d6400000)
  from space 1536K, 97% used [0x00000000d6680000,0x00000000d67f8000,0x00000000d6800000)
  to   space 2048K, 0% used [0x00000000d6400000,0x00000000d6400000,0x00000000d6600000)
 ParOldGen       total 68608K, used 50863K [0x0000000080000000, 0x0000000084300000, 0x00000000d5580000)
  object space 68608K, 74% used [0x0000000080000000,0x00000000831abc10,0x0000000084300000)
 Metaspace       used 57142K, committed 58560K, reserved 1114112K
  class space    used 6769K, committed 7360K, reserved 1048576K
}
Event: 34.325 GC heap before
{Heap before GC invocations=39 (full 2):
 PSYoungGen      total 16384K, used 16352K [0x00000000d5580000, 0x00000000d6800000, 0x0000000100000000)
  eden space 14848K, 100% used [0x00000000d5580000,0x00000000d6400000,0x00000000d6400000)
  from space 1536K, 97% used [0x00000000d6680000,0x00000000d67f8000,0x00000000d6800000)
  to   space 2048K, 0% used [0x00000000d6400000,0x00000000d6400000,0x00000000d6600000)
 ParOldGen       total 68608K, used 50863K [0x0000000080000000, 0x0000000084300000, 0x00000000d5580000)
  object space 68608K, 74% used [0x0000000080000000,0x00000000831abc10,0x0000000084300000)
 Metaspace       used 57175K, committed 58560K, reserved 1114112K
  class space    used 6769K, committed 7360K, reserved 1048576K
}
Event: 34.329 GC heap after
{Heap after GC invocations=39 (full 2):
 PSYoungGen      total 16896K, used 1568K [0x00000000d5580000, 0x00000000d6800000, 0x0000000100000000)
  eden space 14848K, 0% used [0x00000000d5580000,0x00000000d5580000,0x00000000d6400000)
  from space 2048K, 76% used [0x00000000d6400000,0x00000000d6588010,0x00000000d6600000)
  to   space 2048K, 0% used [0x00000000d6600000,0x00000000d6600000,0x00000000d6800000)
 ParOldGen       total 68608K, used 52207K [0x0000000080000000, 0x0000000084300000, 0x00000000d5580000)
  object space 68608K, 76% used [0x0000000080000000,0x00000000832fbc10,0x0000000084300000)
 Metaspace       used 57175K, committed 58560K, reserved 1114112K
  class space    used 6769K, committed 7360K, reserved 1048576K
}
Event: 34.425 GC heap before
{Heap before GC invocations=40 (full 2):
 PSYoungGen      total 16896K, used 16416K [0x00000000d5580000, 0x00000000d6800000, 0x0000000100000000)
  eden space 14848K, 100% used [0x00000000d5580000,0x00000000d6400000,0x00000000d6400000)
  from space 2048K, 76% used [0x00000000d6400000,0x00000000d6588010,0x00000000d6600000)
  to   space 2048K, 0% used [0x00000000d6600000,0x00000000d6600000,0x00000000d6800000)
 ParOldGen       total 68608K, used 52207K [0x0000000080000000, 0x0000000084300000, 0x00000000d5580000)
  object space 68608K, 76% used [0x0000000080000000,0x00000000832fbc10,0x0000000084300000)
 Metaspace       used 57250K, committed 58624K, reserved 1114112K
  class space    used 6771K, committed 7360K, reserved 1048576K
}
Event: 34.429 GC heap after
{Heap after GC invocations=40 (full 2):
 PSYoungGen      total 16384K, used 1432K [0x00000000d5580000, 0x00000000d6780000, 0x0000000100000000)
  eden space 14848K, 0% used [0x00000000d5580000,0x00000000d5580000,0x00000000d6400000)
  from space 1536K, 93% used [0x00000000d6600000,0x00000000d6766200,0x00000000d6780000)
  to   space 1536K, 0% used [0x00000000d6480000,0x00000000d6480000,0x00000000d6600000)
 ParOldGen       total 68608K, used 53655K [0x0000000080000000, 0x0000000084300000, 0x00000000d5580000)
  object space 68608K, 78% used [0x0000000080000000,0x0000000083465c20,0x0000000084300000)
 Metaspace       used 57250K, committed 58624K, reserved 1114112K
  class space    used 6771K, committed 7360K, reserved 1048576K
}
Event: 10031.413 GC heap before
{Heap before GC invocations=41 (full 2):
 PSYoungGen      total 16384K, used 16279K [0x00000000d5580000, 0x00000000d6780000, 0x0000000100000000)
  eden space 14848K, 99% used [0x00000000d5580000,0x00000000d63ffc48,0x00000000d6400000)
  from space 1536K, 93% used [0x00000000d6600000,0x00000000d6766200,0x00000000d6780000)
  to   space 1536K, 0% used [0x00000000d6480000,0x00000000d6480000,0x00000000d6600000)
 ParOldGen       total 68608K, used 53655K [0x0000000080000000, 0x0000000084300000, 0x00000000d5580000)
  object space 68608K, 78% used [0x0000000080000000,0x0000000083465c20,0x0000000084300000)
 Metaspace       used 58282K, committed 59712K, reserved 1114112K
  class space    used 6896K, committed 7488K, reserved 1048576K
}
Event: 10031.483 GC heap after
{Heap after GC invocations=41 (full 2):
 PSYoungGen      total 15872K, used 992K [0x00000000d5580000, 0x00000000d6700000, 0x0000000100000000)
  eden space 14848K, 0% used [0x00000000d5580000,0x00000000d5580000,0x00000000d6400000)
  from space 1024K, 96% used [0x00000000d6480000,0x00000000d6578020,0x00000000d6580000)
  to   space 1536K, 0% used [0x00000000d6580000,0x00000000d6580000,0x00000000d6700000)
 ParOldGen       total 68608K, used 54935K [0x0000000080000000, 0x0000000084300000, 0x00000000d5580000)
  object space 68608K, 80% used [0x0000000080000000,0x00000000835a5e20,0x0000000084300000)
 Metaspace       used 58282K, committed 59712K, reserved 1114112K
  class space    used 6896K, committed 7488K, reserved 1048576K
}
Event: 10031.686 GC heap before
{Heap before GC invocations=42 (full 2):
 PSYoungGen      total 15872K, used 1579K [0x00000000d5580000, 0x00000000d6700000, 0x0000000100000000)
  eden space 14848K, 3% used [0x00000000d5580000,0x00000000d5612cb0,0x00000000d6400000)
  from space 1024K, 96% used [0x00000000d6480000,0x00000000d6578020,0x00000000d6580000)
  to   space 1536K, 0% used [0x00000000d6580000,0x00000000d6580000,0x00000000d6700000)
 ParOldGen       total 68608K, used 54935K [0x0000000080000000, 0x0000000084300000, 0x00000000d5580000)
  object space 68608K, 80% used [0x0000000080000000,0x00000000835a5e20,0x0000000084300000)
 Metaspace       used 58338K, committed 59776K, reserved 1114112K
  class space    used 6907K, committed 7552K, reserved 1048576K
}
Event: 10031.690 GC heap after
{Heap after GC invocations=42 (full 2):
 PSYoungGen      total 15360K, used 320K [0x00000000d5580000, 0x00000000d6600000, 0x0000000100000000)
  eden space 14848K, 0% used [0x00000000d5580000,0x00000000d5580000,0x00000000d6400000)
  from space 512K, 62% used [0x00000000d6580000,0x00000000d65d0000,0x00000000d6600000)
  to   space 1024K, 0% used [0x00000000d6400000,0x00000000d6400000,0x00000000d6500000)
 ParOldGen       total 68608K, used 55765K [0x0000000080000000, 0x0000000084300000, 0x00000000d5580000)
  object space 68608K, 81% used [0x0000000080000000,0x0000000083675490,0x0000000084300000)
 Metaspace       used 58338K, committed 59776K, reserved 1114112K
  class space    used 6907K, committed 7552K, reserved 1048576K
}
Event: 10031.690 GC heap before
{Heap before GC invocations=43 (full 3):
 PSYoungGen      total 15360K, used 320K [0x00000000d5580000, 0x00000000d6600000, 0x0000000100000000)
  eden space 14848K, 0% used [0x00000000d5580000,0x00000000d5580000,0x00000000d6400000)
  from space 512K, 62% used [0x00000000d6580000,0x00000000d65d0000,0x00000000d6600000)
  to   space 1024K, 0% used [0x00000000d6400000,0x00000000d6400000,0x00000000d6500000)
 ParOldGen       total 68608K, used 55765K [0x0000000080000000, 0x0000000084300000, 0x00000000d5580000)
  object space 68608K, 81% used [0x0000000080000000,0x0000000083675490,0x0000000084300000)
 Metaspace       used 58338K, committed 59776K, reserved 1114112K
  class space    used 6907K, committed 7552K, reserved 1048576K
}
Event: 10032.146 GC heap after
{Heap after GC invocations=43 (full 3):
 PSYoungGen      total 15360K, used 0K [0x00000000d5580000, 0x00000000d6600000, 0x0000000100000000)
  eden space 14848K, 0% used [0x00000000d5580000,0x00000000d5580000,0x00000000d6400000)
  from space 512K, 0% used [0x00000000d6580000,0x00000000d6580000,0x00000000d6600000)
  to   space 1024K, 0% used [0x00000000d6400000,0x00000000d6400000,0x00000000d6500000)
 ParOldGen       total 68608K, used 49150K [0x0000000080000000, 0x0000000084300000, 0x00000000d5580000)
  object space 68608K, 71% used [0x0000000080000000,0x0000000082fffb78,0x0000000084300000)
 Metaspace       used 57955K, committed 59776K, reserved 1114112K
  class space    used 6804K, committed 7552K, reserved 1048576K
}

